INFO:root:xboard
INFO:root:>>> feature myname="sys.argv[0]"
INFO:root:>>> feature sigint=0 sigterm=0
INFO:root:>>> feature done=1
INFO:root:protover 2
INFO:root:accepted myname
INFO:root:accepted sigint
INFO:root:accepted sigterm
INFO:root:accepted done
INFO:root:new
INFO:root:random
INFO:root:level 0 1 0
INFO:root:post
INFO:root:hard
INFO:root:time 6000
INFO:root:otim 6000
INFO:root:e2e3
INFO:root:>>> move e7e5
INFO:root:time 5996
INFO:root:otim 5934
INFO:root:d2d3
INFO:root:>>> move f8e7
INFO:root:time 5993
INFO:root:otim 5862
INFO:root:f2f3
INFO:root:>>> move g8f6
INFO:root:time 5990
INFO:root:otim 5796
INFO:root:g2g3
INFO:root:>>> move b8c6
INFO:root:time 5987
INFO:root:otim 5721
INFO:root:h2h3
INFO:root:>>> move e8g8
INFO:root:time 5984
INFO:root:otim 5648
INFO:root:g3g4
INFO:root:xboard
INFO:root:>>> feature myname="sys.argv[0]"
INFO:root:>>> feature done=1
INFO:root:protover 2
INFO:root:accepted myname
INFO:root:accepted done
INFO:root:new
INFO:root:random
INFO:root:level 0 1 0
INFO:root:post
INFO:root:hard
INFO:root:time 6000
INFO:root:otim 6000
INFO:root:e2e3
INFO:root:>>> move e7e5
INFO:root:xboard
INFO:root:>>> feature myname="sys.argv[0]"
INFO:root:>>> feature sigint=0 sigterm=0
INFO:root:>>> feature done=1
INFO:root:protover 2
INFO:root:accepted myname
INFO:root:accepted sigint
INFO:root:accepted sigterm
INFO:root:accepted done
INFO:root:new
INFO:root:random
INFO:root:level 0 1 0
INFO:root:post
INFO:root:hard
INFO:root:time 6000
INFO:root:otim 6000
INFO:root:e2e3
INFO:root:>>> move e7e5
INFO:root:time 5996
INFO:root:otim 5945
INFO:root:d2d3
INFO:root:>>> move f8e7
INFO:root:time 5993
INFO:root:otim 5718
INFO:root:d3d4
INFO:root:>>> move g8f6
INFO:root:time 5990
INFO:root:otim 5610
INFO:root:e3e4
INFO:root:>>> move b8c6
INFO:root:time 5987
INFO:root:otim 5474
INFO:root:d4d5
INFO:root:>>> move e8g8
INFO:root:time 5984
INFO:root:otim 5346
INFO:root:d5c6
INFO:root:e2e4
INFO:root:>>> move e7e5
INFO:root:e2e4
INFO:root:>>> move f8e7
INFO:root:ee
INFO:root:e2e4
INFO:root:>>> move g8f6
INFO:root:e2e4
INFO:root:>>> move b8c6
INFO:root:e2e4
INFO:root:>>> move e8g8
INFO:root:e2e4
